<?xml version="1.0" encoding="UTF-8"?>
<testng-results ignored="0" total="2" passed="2" failed="0" skipped="0">
  <reporter-output>
  </reporter-output>
  <suite started-at="2023-11-20T11:43:19 IST" name="Default suite" finished-at="2023-11-20T11:43:44 IST" duration-ms="25206">
    <groups>
    </groups>
    <test started-at="2023-11-20T11:43:19 IST" name="Default test" finished-at="2023-11-20T11:43:44 IST" duration-ms="25206">
      <class name="WebScrap">
        <test-method is-config="true" signature="connectMongoDB()[pri:0, instance:WebScrap@3e27ba32]" started-at="2023-11-20T11:43:18 IST" name="connectMongoDB" finished-at="2023-11-20T11:43:19 IST" duration-ms="167" status="PASS">
          <reporter-output>
          </reporter-output>
        </test-method> <!-- connectMongoDB -->
        <test-method is-config="true" signature="setUp()[pri:0, instance:WebScrap@3e27ba32]" started-at="2023-11-20T11:43:19 IST" name="setUp" finished-at="2023-11-20T11:43:23 IST" duration-ms="4085" status="PASS">
          <reporter-output>
          </reporter-output>
        </test-method> <!-- setUp -->
        <test-method signature="webScraperTest(java.lang.String)[pri:0, instance:WebScrap@3e27ba32]" started-at="2023-11-20T11:43:23 IST" name="webScraperTest" data-provider="getWebData" finished-at="2023-11-20T11:43:37 IST" duration-ms="14081" status="PASS">
          <params>
            <param index="0">
              <value>
                <![CDATA[https://www.amazon.com]]>
              </value>
            </param>
          </params>
          <reporter-output>
          </reporter-output>
        </test-method> <!-- webScraperTest -->
        <test-method signature="webScraperTest(java.lang.String)[pri:0, instance:WebScrap@3e27ba32]" started-at="2023-11-20T11:43:37 IST" name="webScraperTest" data-provider="getWebData" finished-at="2023-11-20T11:43:44 IST" duration-ms="6914" status="PASS">
          <params>
            <param index="0">
              <value>
                <![CDATA[https://www.flipkart.com]]>
              </value>
            </param>
          </params>
          <reporter-output>
          </reporter-output>
        </test-method> <!-- webScraperTest -->
        <test-method is-config="true" signature="tearDown()[pri:0, instance:WebScrap@3e27ba32]" started-at="2023-11-20T11:43:44 IST" name="tearDown" finished-at="2023-11-20T11:43:44 IST" duration-ms="88" status="PASS">
          <reporter-output>
          </reporter-output>
        </test-method> <!-- tearDown -->
      </class> <!-- WebScrap -->
    </test> <!-- Default test -->
  </suite> <!-- Default suite -->
</testng-results>
